<?xml version="1.0" encoding="UTF-8"?>
<testsuite name="com.example.demo.data.VoitureTest" tests="1" skipped="0" failures="0" errors="0" timestamp="2023-03-09T14:46:56" hostname="MacBook-Pro-de-Benoit.local" time="0.001">
  <properties/>
  <testcase name="creerVoiture()" classname="com.example.demo.data.VoitureTest" time="0.001"/>
  <system-out><![CDATA[2023-03-09 15:46:55.880  INFO 5580 --- [    Test worker] .b.t.c.SpringBootTestContextBootstrapper : Neither @ContextConfiguration nor @ContextHierarchy found for test class [com.example.demo.data.VoitureTest], using SpringBootContextLoader
2023-03-09 15:46:55.881  INFO 5580 --- [    Test worker] o.s.t.c.support.AbstractContextLoader    : Could not detect default resource locations for test class [com.example.demo.data.VoitureTest]: no resource found for suffixes {-context.xml, Context.groovy}.
2023-03-09 15:46:55.881  INFO 5580 --- [    Test worker] t.c.s.AnnotationConfigContextLoaderUtils : Could not detect default configuration classes for test class [com.example.demo.data.VoitureTest]: VoitureTest does not declare any static, non-private, non-final, nested classes annotated with @Configuration.
2023-03-09 15:46:55.882  INFO 5580 --- [    Test worker] .b.t.c.SpringBootTestContextBootstrapper : Found @SpringBootConfiguration com.example.demo.DemoApplication for test class com.example.demo.data.VoitureTest
2023-03-09 15:46:55.882  INFO 5580 --- [    Test worker] .b.t.c.SpringBootTestContextBootstrapper : Loaded default TestExecutionListener class names from location [META-INF/spring.factories]: [org.springframework.boot.test.autoconfigure.restdocs.RestDocsTestExecutionListener, org.springframework.boot.test.autoconfigure.web.client.MockRestServiceServerResetTestExecutionListener, org.springframework.boot.test.autoconfigure.web.servlet.MockMvcPrintOnlyOnFailureTestExecutionListener, org.springframework.boot.test.autoconfigure.web.servlet.WebDriverTestExecutionListener, org.springframework.boot.test.autoconfigure.webservices.client.MockWebServiceServerTestExecutionListener, org.springframework.boot.test.mock.mockito.MockitoTestExecutionListener, org.springframework.boot.test.mock.mockito.ResetMocksTestExecutionListener, org.springframework.test.context.web.ServletTestExecutionListener, org.springframework.test.context.support.DirtiesContextBeforeModesTestExecutionListener, org.springframework.test.context.event.ApplicationEventsTestExecutionListener, org.springframework.test.context.support.DependencyInjectionTestExecutionListener, org.springframework.test.context.support.DirtiesContextTestExecutionListener, org.springframework.test.context.transaction.TransactionalTestExecutionListener, org.springframework.test.context.jdbc.SqlScriptsTestExecutionListener, org.springframework.test.context.event.EventPublishingTestExecutionListener]
2023-03-09 15:46:55.883  INFO 5580 --- [    Test worker] .b.t.c.SpringBootTestContextBootstrapper : Using TestExecutionListeners: [org.springframework.test.context.web.ServletTestExecutionListener@cce672c, org.springframework.test.context.support.DirtiesContextBeforeModesTestExecutionListener@496004e3, org.springframework.test.context.event.ApplicationEventsTestExecutionListener@df34b01, org.springframework.boot.test.mock.mockito.MockitoTestExecutionListener@703947bd, org.springframework.boot.test.autoconfigure.SpringBootDependencyInjectionTestExecutionListener@f31b991, org.springframework.test.context.support.DirtiesContextTestExecutionListener@46bff388, org.springframework.test.context.transaction.TransactionalTestExecutionListener@5183131d, org.springframework.test.context.jdbc.SqlScriptsTestExecutionListener@6b3da23f, org.springframework.test.context.event.EventPublishingTestExecutionListener@69c263f8, org.springframework.boot.test.autoconfigure.restdocs.RestDocsTestExecutionListener@5058fefb, org.springframework.boot.test.autoconfigure.web.client.MockRestServiceServerResetTestExecutionListener@198a0416, org.springframework.boot.test.autoconfigure.web.servlet.MockMvcPrintOnlyOnFailureTestExecutionListener@1f207142, org.springframework.boot.test.autoconfigure.web.servlet.WebDriverTestExecutionListener@65871cfd, org.springframework.boot.test.autoconfigure.webservices.client.MockWebServiceServerTestExecutionListener@723f8990, org.springframework.boot.test.mock.mockito.ResetMocksTestExecutionListener@3bdc8975]

  .   ____          _            __ _ _
 /\\ / ___'_ __ _ _(_)_ __  __ _ \ \ \ \
( ( )\___ | '_ | '_| | '_ \/ _` | \ \ \ \
 \\/  ___)| |_)| | | | | || (_| |  ) ) ) )
  '  |____| .__|_| |_|_| |_\__, | / / / /
 =========|_|==============|___/=/_/_/_/
 :: Spring Boot ::                (v2.7.5)

2023-03-09 15:46:55.894  INFO 5580 --- [    Test worker] com.example.demo.data.VoitureTest        : Starting VoitureTest using Java 17.0.5 on MacBook-Pro-de-Benoit.local with PID 5580 (started by benoitcharroux in /Users/benoitcharroux/Documents/location/jee-spring)
2023-03-09 15:46:55.894  INFO 5580 --- [    Test worker] com.example.demo.data.VoitureTest        : No active profile set, falling back to 1 default profile: "default"
2023-03-09 15:46:55.964  INFO 5580 --- [    Test worker] .s.d.r.c.RepositoryConfigurationDelegate : Bootstrapping Spring Data JPA repositories in DEFAULT mode.
2023-03-09 15:46:55.971  INFO 5580 --- [    Test worker] .s.d.r.c.RepositoryConfigurationDelegate : Finished Spring Data repository scanning in 6 ms. Found 1 JPA repository interfaces.
2023-03-09 15:46:56.029  INFO 5580 --- [    Test worker] com.zaxxer.hikari.HikariDataSource       : HikariPool-3 - Starting...
2023-03-09 15:46:56.030  INFO 5580 --- [    Test worker] com.zaxxer.hikari.HikariDataSource       : HikariPool-3 - Start completed.
2023-03-09 15:46:56.039  INFO 5580 --- [    Test worker] o.hibernate.jpa.internal.util.LogHelper  : HHH000204: Processing PersistenceUnitInfo [name: default]
2023-03-09 15:46:56.042  INFO 5580 --- [    Test worker] org.hibernate.dialect.Dialect            : HHH000400: Using dialect: org.hibernate.dialect.H2Dialect
2023-03-09 15:46:56.056  INFO 5580 --- [    Test worker] o.h.e.t.j.p.i.JtaPlatformInitiator       : HHH000490: Using JtaPlatform implementation: [org.hibernate.engine.transaction.jta.platform.internal.NoJtaPlatform]
2023-03-09 15:46:56.056  INFO 5580 --- [    Test worker] j.LocalContainerEntityManagerFactoryBean : Initialized JPA EntityManagerFactory for persistence unit 'default'
2023-03-09 15:46:56.129  WARN 5580 --- [    Test worker] JpaBaseConfiguration$JpaWebConfiguration : spring.jpa.open-in-view is enabled by default. Therefore, database queries may be performed during view rendering. Explicitly configure spring.jpa.open-in-view to disable this warning
2023-03-09 15:46:56.275  INFO 5580 --- [    Test worker] com.example.demo.data.VoitureTest        : Started VoitureTest in 0.39 seconds (JVM running for 9.307)
]]></system-out>
  <system-err><![CDATA[]]></system-err>
</testsuite>
